<?xml version="1.0" encoding="UTF-8"?>
<testsuite xmlns:xsi="http://www.w3.org/2001/XMLSchema-instance" xsi:noNamespaceSchemaLocation="https://maven.apache.org/surefire/maven-surefire-plugin/xsd/surefire-test-report.xsd" name="AmazonTest" time="325.657" tests="6" errors="0" skipped="0" failures="2">
  <properties>
[...]
</properties>
  <testcase name="enterSearchText" classname="AmazonTest" time="3.549"/>
  <testcase name="filterPendriveByBrandSandisk" classname="AmazonTest" time="0.347"/>
  <testcase name="filterPendriveByPrice" classname="AmazonTest" time="3.871"/>
  <testcase name="filterPendriveByAvgRating" classname="AmazonTest" time="0.204"/>
  <testcase name="selectPendriveLowestPrice" classname="AmazonTest" time="50.118">
    <failure message="stale element reference: element is not attached to the page document&#10;  (Session info: chrome=64.0.3282.186)&#10;  (Driver info: chromedriver=2.35.528157 (4429ca2590d6988c0745c24c8858745aaaec01ef),platform=Mac OS X 10.13.0 x86_64) (WARNING: The server did not provide any stacktrace information)&#10;Command duration or timeout: 18 milliseconds&#10;For documentation on this error, please visit: http://seleniumhq.org/exceptions/stale_element_reference.html&#10;Build info: version: &apos;2.53.0&apos;, revision: &apos;35ae25b1534ae328c771e0856c93e187490ca824&apos;, time: &apos;2016-03-15 10:43:46&apos;&#10;System info: host: &apos;iServices-MacBook-Pro.local&apos;, ip: &apos;192.168.1.4&apos;, os.name: &apos;Mac OS X&apos;, os.arch: &apos;x86_64&apos;, os.version: &apos;10.13&apos;, java.version: &apos;1.8.0_152&apos;&#10;Driver info: org.openqa.selenium.chrome.ChromeDriver&#10;Capabilities [{applicationCacheEnabled=false, rotatable=false, mobileEmulationEnabled=false, networkConnectionEnabled=false, chrome={chromedriverVersion=2.35.528157 (4429ca2590d6988c0745c24c8858745aaaec01ef), userDataDir=/var/folders/by/7ggtm5yn4vs3_v0sf77gjff00000gn/T/.org.chromium.Chromium.tcynHz}, takesHeapSnapshot=true, pageLoadStrategy=normal, databaseEnabled=false, handlesAlerts=true, hasTouchScreen=false, version=64.0.3282.186, platform=MAC, browserConnectionEnabled=false, nativeEvents=true, acceptSslCerts=false, acceptInsecureCerts=false, locationContextEnabled=true, webStorageEnabled=true, browserName=chrome, takesScreenshot=true, javascriptEnabled=true, cssSelectorsEnabled=true, setWindowRect=true, unexpectedAlertBehaviour=}]&#10;Session ID: c7c46ef38ce64d2572d7d157d13f6c92" type="org.openqa.selenium.StaleElementReferenceException">org.openqa.selenium.StaleElementReferenceException: 
stale element reference: element is not attached to the page document
  (Session info: chrome=64.0.3282.186)
  (Driver info: chromedriver=2.35.528157 (4429ca2590d6988c0745c24c8858745aaaec01ef),platform=Mac OS X 10.13.0 x86_64) (WARNING: The server did not provide any stacktrace information)
Command duration or timeout: 18 milliseconds
For documentation on this error, please visit: http://seleniumhq.org/exceptions/stale_element_reference.html
Build info: version: '2.53.0', revision: '35ae25b1534ae328c771e0856c93e187490ca824', time: '2016-03-15 10:43:46'
System info: host: 'iServices-MacBook-Pro.local', ip: '192.168.1.4', os.name: 'Mac OS X', os.arch: 'x86_64', os.version: '10.13', java.version: '1.8.0_152'
Driver info: org.openqa.selenium.chrome.ChromeDriver
Capabilities [{applicationCacheEnabled=false, rotatable=false, mobileEmulationEnabled=false, networkConnectionEnabled=false, chrome={chromedriverVersion=2.35.528157 (4429ca2590d6988c0745c24c8858745aaaec01ef), userDataDir=/var/folders/by/7ggtm5yn4vs3_v0sf77gjff00000gn/T/.org.chromium.Chromium.tcynHz}, takesHeapSnapshot=true, pageLoadStrategy=normal, databaseEnabled=false, handlesAlerts=true, hasTouchScreen=false, version=64.0.3282.186, platform=MAC, browserConnectionEnabled=false, nativeEvents=true, acceptSslCerts=false, acceptInsecureCerts=false, locationContextEnabled=true, webStorageEnabled=true, browserName=chrome, takesScreenshot=true, javascriptEnabled=true, cssSelectorsEnabled=true, setWindowRect=true, unexpectedAlertBehaviour=}]
Session ID: c7c46ef38ce64d2572d7d157d13f6c92
	at AmazonTest.selectPendriveLowestPrice(AmazonTest.java:77)
</failure>
  </testcase>
  <testcase name="addToCartLoginRequired" classname="AmazonTest" time="50.149">
    <failure message="no such element: Unable to locate element: {&quot;method&quot;:&quot;xpath&quot;,&quot;selector&quot;:&quot;//input[@id=&apos;add-to-cart-button&apos;]&quot;}&#10;  (Session info: chrome=64.0.3282.186)&#10;  (Driver info: chromedriver=2.35.528157 (4429ca2590d6988c0745c24c8858745aaaec01ef),platform=Mac OS X 10.13.0 x86_64) (WARNING: The server did not provide any stacktrace information)&#10;Command duration or timeout: 10.08 seconds&#10;For documentation on this error, please visit: http://seleniumhq.org/exceptions/no_such_element.html&#10;Build info: version: &apos;2.53.0&apos;, revision: &apos;35ae25b1534ae328c771e0856c93e187490ca824&apos;, time: &apos;2016-03-15 10:43:46&apos;&#10;System info: host: &apos;iServices-MacBook-Pro.local&apos;, ip: &apos;192.168.1.4&apos;, os.name: &apos;Mac OS X&apos;, os.arch: &apos;x86_64&apos;, os.version: &apos;10.13&apos;, java.version: &apos;1.8.0_152&apos;&#10;Driver info: org.openqa.selenium.chrome.ChromeDriver&#10;Capabilities [{applicationCacheEnabled=false, rotatable=false, mobileEmulationEnabled=false, networkConnectionEnabled=false, chrome={chromedriverVersion=2.35.528157 (4429ca2590d6988c0745c24c8858745aaaec01ef), userDataDir=/var/folders/by/7ggtm5yn4vs3_v0sf77gjff00000gn/T/.org.chromium.Chromium.tcynHz}, takesHeapSnapshot=true, pageLoadStrategy=normal, databaseEnabled=false, handlesAlerts=true, hasTouchScreen=false, version=64.0.3282.186, platform=MAC, browserConnectionEnabled=false, nativeEvents=true, acceptSslCerts=false, acceptInsecureCerts=false, locationContextEnabled=true, webStorageEnabled=true, browserName=chrome, takesScreenshot=true, javascriptEnabled=true, cssSelectorsEnabled=true, setWindowRect=true, unexpectedAlertBehaviour=}]&#10;Session ID: c7c46ef38ce64d2572d7d157d13f6c92&#10;*** Element info: {Using=xpath, value=//input[@id=&apos;add-to-cart-button&apos;]}" type="org.openqa.selenium.NoSuchElementException">org.openqa.selenium.NoSuchElementException: 
no such element: Unable to locate element: {"method":"xpath","selector":"//input[@id='add-to-cart-button']"}
  (Session info: chrome=64.0.3282.186)
  (Driver info: chromedriver=2.35.528157 (4429ca2590d6988c0745c24c8858745aaaec01ef),platform=Mac OS X 10.13.0 x86_64) (WARNING: The server did not provide any stacktrace information)
Command duration or timeout: 10.08 seconds
For documentation on this error, please visit: http://seleniumhq.org/exceptions/no_such_element.html
Build info: version: '2.53.0', revision: '35ae25b1534ae328c771e0856c93e187490ca824', time: '2016-03-15 10:43:46'
System info: host: 'iServices-MacBook-Pro.local', ip: '192.168.1.4', os.name: 'Mac OS X', os.arch: 'x86_64', os.version: '10.13', java.version: '1.8.0_152'
Driver info: org.openqa.selenium.chrome.ChromeDriver
Capabilities [{applicationCacheEnabled=false, rotatable=false, mobileEmulationEnabled=false, networkConnectionEnabled=false, chrome={chromedriverVersion=2.35.528157 (4429ca2590d6988c0745c24c8858745aaaec01ef), userDataDir=/var/folders/by/7ggtm5yn4vs3_v0sf77gjff00000gn/T/.org.chromium.Chromium.tcynHz}, takesHeapSnapshot=true, pageLoadStrategy=normal, databaseEnabled=false, handlesAlerts=true, hasTouchScreen=false, version=64.0.3282.186, platform=MAC, browserConnectionEnabled=false, nativeEvents=true, acceptSslCerts=false, acceptInsecureCerts=false, locationContextEnabled=true, webStorageEnabled=true, browserName=chrome, takesScreenshot=true, javascriptEnabled=true, cssSelectorsEnabled=true, setWindowRect=true, unexpectedAlertBehaviour=}]
Session ID: c7c46ef38ce64d2572d7d157d13f6c92
*** Element info: {Using=xpath, value=//input[@id='add-to-cart-button']}
	at AmazonTest.addToCartLoginRequired(AmazonTest.java:127)
</failure>
  </testcase>
</testsuite>