<?xml version="1.0" encoding="UTF-8"?>
<testsuite xmlns:xsi="http://www.w3.org/2001/XMLSchema-instance" xsi:noNamespaceSchemaLocation="https://maven.apache.org/surefire/maven-surefire-plugin/xsd/surefire-test-report.xsd" name="TestSuite" time="22.556" tests="6" errors="0" skipped="0" failures="2">
  <properties>
[...]
</properties>
  <testcase name="enterSearchText" classname="AmazonTest" time="3.478"/>
  <testcase name="filterPendriveByBrandSandisk" classname="AmazonTest" time="0.155"/>
  <testcase name="filterPendriveByPrice" classname="AmazonTest" time="3.91"/>
  <testcase name="filterPendriveByAvgRating" classname="AmazonTest" time="0.261"/>
  <testcase name="selectPendriveLowestPrice" classname="AmazonTest" time="0.124">
    <failure message="empty String" type="java.lang.NumberFormatException">java.lang.NumberFormatException: empty String
	at AmazonTest.selectPendriveLowestPrice(AmazonTest.java:73)
</failure>
  </testcase>
  <testcase name="addToCartLoginRequired" classname="AmazonTest" time="0.013">
    <failure type="java.util.NoSuchElementException">java.util.NoSuchElementException
	at AmazonTest.addToCartLoginRequired(AmazonTest.java:112)
</failure>
  </testcase>
</testsuite>