<?xml version="1.0" encoding="UTF-8"?>
<testng-results skipped="0" failed="2" total="6" passed="4">
  <reporter-output>
  </reporter-output>
  <suite name="Surefire suite" duration-ms="15047" started-at="2018-03-02T07:49:36Z" finished-at="2018-03-02T07:49:51Z">
    <groups>
    </groups>
    <test name="Surefire test" duration-ms="15047" started-at="2018-03-02T07:49:36Z" finished-at="2018-03-02T07:49:51Z">
      <class name="AmazonTest">
        <test-method status="PASS" signature="openWebPageInBrowser()[pri:0, instance:AmazonTest@6cd8737]" name="openWebPageInBrowser" is-config="true" duration-ms="5831" started-at="2018-03-02T13:19:36Z" finished-at="2018-03-02T13:19:42Z">
          <reporter-output>
          </reporter-output>
        </test-method> <!-- openWebPageInBrowser -->
        <test-method status="PASS" signature="enterSearchText()[pri:0, instance:AmazonTest@6cd8737]" name="enterSearchText" duration-ms="4028" started-at="2018-03-02T13:19:42Z" finished-at="2018-03-02T13:19:46Z">
          <reporter-output>
          </reporter-output>
        </test-method> <!-- enterSearchText -->
        <test-method status="PASS" signature="filterPendriveByBrandSandisk()[pri:0, instance:AmazonTest@6cd8737]" name="filterPendriveByBrandSandisk" duration-ms="274" started-at="2018-03-02T13:19:46Z" finished-at="2018-03-02T13:19:46Z">
          <reporter-output>
          </reporter-output>
        </test-method> <!-- filterPendriveByBrandSandisk -->
        <test-method status="PASS" signature="filterPendriveByPrice()[pri:0, instance:AmazonTest@6cd8737]" name="filterPendriveByPrice" duration-ms="4257" started-at="2018-03-02T13:19:46Z" finished-at="2018-03-02T13:19:51Z">
          <reporter-output>
          </reporter-output>
        </test-method> <!-- filterPendriveByPrice -->
        <test-method status="PASS" signature="filterPendriveByAvgRating()[pri:0, instance:AmazonTest@6cd8737]" name="filterPendriveByAvgRating" duration-ms="217" started-at="2018-03-02T13:19:51Z" finished-at="2018-03-02T13:19:51Z">
          <reporter-output>
          </reporter-output>
        </test-method> <!-- filterPendriveByAvgRating -->
        <test-method status="FAIL" signature="selectPendriveLowestPrice()[pri:0, instance:AmazonTest@6cd8737]" name="selectPendriveLowestPrice" duration-ms="136" started-at="2018-03-02T13:19:51Z" finished-at="2018-03-02T13:19:51Z">
          <exception class="java.lang.NumberFormatException">
            <message>
              <![CDATA[empty String]]>
            </message>
            <full-stacktrace>
              <![CDATA[java.lang.NumberFormatException: empty String
	at sun.misc.FloatingDecimal.readJavaFormatString(FloatingDecimal.java:1842)
	at sun.misc.FloatingDecimal.parseDouble(FloatingDecimal.java:110)
	at java.lang.Double.parseDouble(Double.java:538)
	at AmazonTest.selectPendriveLowestPrice(AmazonTest.java:72)
	at sun.reflect.NativeMethodAccessorImpl.invoke0(Native Method)
	at sun.reflect.NativeMethodAccessorImpl.invoke(NativeMethodAccessorImpl.java:62)
	at sun.reflect.DelegatingMethodAccessorImpl.invoke(DelegatingMethodAccessorImpl.java:43)
	at java.lang.reflect.Method.invoke(Method.java:498)
	at org.testng.internal.MethodInvocationHelper.invokeMethod(MethodInvocationHelper.java:80)
	at org.testng.internal.Invoker.invokeMethod(Invoker.java:714)
	at org.testng.internal.Invoker.invokeTestMethod(Invoker.java:901)
	at org.testng.internal.Invoker.invokeTestMethods(Invoker.java:1231)
	at org.testng.internal.TestMethodWorker.invokeTestMethods(TestMethodWorker.java:127)
	at org.testng.internal.TestMethodWorker.run(TestMethodWorker.java:111)
	at org.testng.TestRunner.privateRun(TestRunner.java:767)
	at org.testng.TestRunner.run(TestRunner.java:617)
	at org.testng.SuiteRunner.runTest(SuiteRunner.java:334)
	at org.testng.SuiteRunner.runSequentially(SuiteRunner.java:329)
	at org.testng.SuiteRunner.privateRun(SuiteRunner.java:291)
	at org.testng.SuiteRunner.run(SuiteRunner.java:240)
	at org.testng.SuiteRunnerWorker.runSuite(SuiteRunnerWorker.java:52)
	at org.testng.SuiteRunnerWorker.run(SuiteRunnerWorker.java:86)
	at org.testng.TestNG.runSuitesSequentially(TestNG.java:1198)
	at org.testng.TestNG.runSuitesLocally(TestNG.java:1123)
	at org.testng.TestNG.run(TestNG.java:1031)
	at org.apache.maven.surefire.testng.TestNGExecutor.run(TestNGExecutor.java:135)
	at org.apache.maven.surefire.testng.TestNGDirectoryTestSuite.executeSingleClass(TestNGDirectoryTestSuite.java:112)
	at org.apache.maven.surefire.testng.TestNGDirectoryTestSuite.execute(TestNGDirectoryTestSuite.java:99)
	at org.apache.maven.surefire.testng.TestNGProvider.invoke(TestNGProvider.java:146)
	at org.apache.maven.surefire.booter.ForkedBooter.invokeProviderInSameClassLoader(ForkedBooter.java:386)
	at org.apache.maven.surefire.booter.ForkedBooter.runSuitesInProcess(ForkedBooter.java:323)
	at org.apache.maven.surefire.booter.ForkedBooter.main(ForkedBooter.java:143)
]]>
            </full-stacktrace>
          </exception> <!-- java.lang.NumberFormatException -->
          <reporter-output>
          </reporter-output>
        </test-method> <!-- selectPendriveLowestPrice -->
        <test-method status="FAIL" signature="addToCartLoginRequired()[pri:0, instance:AmazonTest@6cd8737]" name="addToCartLoginRequired" duration-ms="8" started-at="2018-03-02T13:19:51Z" finished-at="2018-03-02T13:19:51Z">
          <exception class="java.util.NoSuchElementException">
            <full-stacktrace>
              <![CDATA[java.util.NoSuchElementException
	at java.util.LinkedHashMap$LinkedHashIterator.nextNode(LinkedHashMap.java:721)
	at java.util.LinkedHashMap$LinkedKeyIterator.next(LinkedHashMap.java:742)
	at AmazonTest.addToCartLoginRequired(AmazonTest.java:111)
	at sun.reflect.NativeMethodAccessorImpl.invoke0(Native Method)
	at sun.reflect.NativeMethodAccessorImpl.invoke(NativeMethodAccessorImpl.java:62)
	at sun.reflect.DelegatingMethodAccessorImpl.invoke(DelegatingMethodAccessorImpl.java:43)
	at java.lang.reflect.Method.invoke(Method.java:498)
	at org.testng.internal.MethodInvocationHelper.invokeMethod(MethodInvocationHelper.java:80)
	at org.testng.internal.Invoker.invokeMethod(Invoker.java:714)
	at org.testng.internal.Invoker.invokeTestMethod(Invoker.java:901)
	at org.testng.internal.Invoker.invokeTestMethods(Invoker.java:1231)
	at org.testng.internal.TestMethodWorker.invokeTestMethods(TestMethodWorker.java:127)
	at org.testng.internal.TestMethodWorker.run(TestMethodWorker.java:111)
	at org.testng.TestRunner.privateRun(TestRunner.java:767)
	at org.testng.TestRunner.run(TestRunner.java:617)
	at org.testng.SuiteRunner.runTest(SuiteRunner.java:334)
	at org.testng.SuiteRunner.runSequentially(SuiteRunner.java:329)
	at org.testng.SuiteRunner.privateRun(SuiteRunner.java:291)
	at org.testng.SuiteRunner.run(SuiteRunner.java:240)
	at org.testng.SuiteRunnerWorker.runSuite(SuiteRunnerWorker.java:52)
	at org.testng.SuiteRunnerWorker.run(SuiteRunnerWorker.java:86)
	at org.testng.TestNG.runSuitesSequentially(TestNG.java:1198)
	at org.testng.TestNG.runSuitesLocally(TestNG.java:1123)
	at org.testng.TestNG.run(TestNG.java:1031)
	at org.apache.maven.surefire.testng.TestNGExecutor.run(TestNGExecutor.java:135)
	at org.apache.maven.surefire.testng.TestNGDirectoryTestSuite.executeSingleClass(TestNGDirectoryTestSuite.java:112)
	at org.apache.maven.surefire.testng.TestNGDirectoryTestSuite.execute(TestNGDirectoryTestSuite.java:99)
	at org.apache.maven.surefire.testng.TestNGProvider.invoke(TestNGProvider.java:146)
	at org.apache.maven.surefire.booter.ForkedBooter.invokeProviderInSameClassLoader(ForkedBooter.java:386)
	at org.apache.maven.surefire.booter.ForkedBooter.runSuitesInProcess(ForkedBooter.java:323)
	at org.apache.maven.surefire.booter.ForkedBooter.main(ForkedBooter.java:143)
]]>
            </full-stacktrace>
          </exception> <!-- java.util.NoSuchElementException -->
          <reporter-output>
          </reporter-output>
        </test-method> <!-- addToCartLoginRequired -->
        <test-method status="PASS" signature="closeBrowser()[pri:0, instance:AmazonTest@6cd8737]" name="closeBrowser" is-config="true" duration-ms="280" started-at="2018-03-02T13:19:51Z" finished-at="2018-03-02T13:19:51Z">
          <reporter-output>
          </reporter-output>
        </test-method> <!-- closeBrowser -->
      </class> <!-- AmazonTest -->
    </test> <!-- Surefire test -->
  </suite> <!-- Surefire suite -->
</testng-results>
